<?xml version="1.0" encoding="UTF-8"?>
<testsuite xmlns:xsi="http://www.w3.org/2001/XMLSchema-instance" xsi:noNamespaceSchemaLocation="https://maven.apache.org/surefire/maven-surefire-plugin/xsd/surefire-test-report-3.0.xsd" version="3.0" name="com.yourorg.observability.starter.tracing.ObsHealthCheckTracingFilterTest" time="0.026" tests="3" errors="0" skipped="0" failures="0">
  <properties>
[...]
</properties>
  <testcase name="excludesHealthCheckPaths" classname="com.yourorg.observability.starter.tracing.ObsHealthCheckTracingFilterTest" time="0.019"/>
  <testcase name="handlesNullPath" classname="com.yourorg.observability.starter.tracing.ObsHealthCheckTracingFilterTest" time="0.001"/>
  <testcase name="allowsNonExcludedPaths" classname="com.yourorg.observability.starter.tracing.ObsHealthCheckTracingFilterTest" time="0.0"/>
</testsuite>